Tue Sep  1 23:58:35 CST 2020
Mon Sep  7 11:43:25 CST 2020
Wed Sep  9 23:30:48 CST 2020
Sun Sep 13 23:27:06 CST 2020
Wed Sep 16 13:56:05 CST 2020
Wed Sep 16 21:00:01 CST 2020
Thu Sep 17 21:00:01 CST 2020
Fri Sep 18 21:00:01 CST 2020
Mon Sep 21 21:00:01 CST 2020
Tue Sep 22 21:00:01 CST 2020
Wed Sep 23 21:00:01 CST 2020
Thu Sep 24 21:00:01 CST 2020
Fri Sep 25 21:00:01 CST 2020
Mon Sep 28 21:00:01 CST 2020
Tue Sep 29 09:36:13 CST 2020
Tue Sep 29 09:44:53 CST 2020
也许正义并非太阳，而是如同星星一般的东西，天空中有无数的星星，彼此不断抵消着其他星星的光芒

Tue Sep 29 09:46:38 CST 2020
快并快乐着！

Tue Sep 29 09:53:09 CST 2020
常说口里顺，常做手不笨

Tue Sep 29 21:00:01 CST 2020
H什么的最讨厌了！

Wed Sep 30 21:00:01 CST 2020
没有人只属于自己，每个人都与他人相连，与他人分享着某些东西。这就是为什么人始终无法自由，为什么人会有喜悦，悲伤，以及爱。

Thu Oct  1 21:00:01 CST 2020
有时候你需要退开一点，清醒一下，然后提醒自己，我是谁，要去哪里。

Fri Oct  2 21:00:01 CST 2020
万书皆下品，唯有萌最高！

